2023-06-22 15:04:55,372 - INFO - Dash is running on http://0.0.0.0:8051/

2023-06-22 15:04:56,404 - INFO - threshold:0.68 and loop counter: 1 RUNS
2023-06-22 15:05:01,201 - ERROR - Error occurred: error with request HTTPS
2023-06-22 15:05:01,347 - INFO - Threshold:0.68 and loop counter: 1 SLEEPS
2023-06-22 15:04:55,372 - INFO - Dash is running on http://0.0.0.0:8051/

2023-06-22 15:04:56,404 - INFO - threshold:0.68 and loop counter: 1 RUNS
2023-06-22 15:05:01,201 - ERROR - Error occurred: error with request HTTPS
2023-06-22 15:05:01,347 - INFO - Threshold:0.68 and loop counter: 1 SLEEPS

2023-06-22 15:04:55,372 - INFO - Dash is running on http://0.0.0.0:8051/

2023-06-22 15:04:56,404 - INFO - threshold:0.68 and loop counter: 1 RUNS
2023-06-22 15:05:01,201 - ERROR - Error occurred: error with request HTTPS
2023-06-22 15:05:01,347 - INFO - Threshold:0.68 and loop counter: 1 SLEEPS

2023-06-22 15:04:55,372 - INFO - Dash is running on http://0.0.0.0:8051/

2023-06-22 15:04:56,404 - INFO - threshold:0.68 and loop counter: 1 RUNS
2023-06-22 15:05:01,201 - ERROR - Error occurred: error with request HTTPS
2023-06-22 15:05:01,347 - INFO - Threshold:0.68 and loop counter: 1 SLEEPS

2023-06-22 15:04:55,372 - INFO - Dash is running on http://0.0.0.0:8051/

2023-06-22 15:04:56,404 - INFO - threshold:0.68 and loop counter: 1 RUNS
2023-06-22 15:05:01,201 - ERROR - Error occurred: error with request HTTPS
2023-06-22 15:05:01,347 - INFO - Threshold:0.68 and loop counter: 1 SLEEPS

2023-06-22 15:04:55,372 - INFO - Dash is running on http://0.0.0.0:8051/

2023-06-22 15:04:56,404 - INFO - threshold:0.68 and loop counter: 1 RUNS
2023-06-22 15:05:01,201 - ERROR - Error occurred: error with request HTTPS
2023-06-22 15:05:01,347 - INFO - Threshold:0.68 and loop counter: 1 SLEEPS

2023-06-22 15:04:55,372 - INFO - Dash is running on http://0.0.0.0:8051/

2023-06-22 15:04:56,404 - INFO - threshold:0.68 and loop counter: 1 RUNS
2023-06-22 15:05:01,201 - ERROR - Error occurred: error with request HTTPS
2023-06-22 15:05:01,347 - INFO - Threshold:0.68 and loop counter: 1 SLEEPS

2023-06-22 15:04:55,372 - INFO - Dash is running on http://0.0.0.0:8051/

2023-06-22 15:04:56,404 - INFO - threshold:0.68 and loop counter: 1 RUNS
2023-06-22 15:05:01,201 - ERROR - Error occurred: error with request HTTPS
2023-06-22 15:05:01,347 - INFO - Threshold:0.68 and loop counter: 1 SLEEPS

2023-06-22 15:04:55,372 - INFO - Dash is running on http://0.0.0.0:8051/

2023-06-22 15:04:56,404 - INFO - threshold:0.68 and loop counter: 1 RUNS
2023-06-22 15:05:01,201 - ERROR - Error occurred: error with request HTTPS
2023-06-22 15:05:01,347 - INFO - Threshold:0.68 and loop counter: 1 SLEEPS

2023-06-22 15:04:55,372 - INFO - Dash is running on http://0.0.0.0:8051/

2023-06-22 15:04:56,404 - INFO - threshold:0.68 and loop counter: 1 RUNS
2023-06-22 15:05:01,201 - ERROR - Error occurred: error with request HTTPS
2023-06-22 15:05:01,347 - INFO - Threshold:0.68 and loop counter: 1 SLEEPS

2023-06-22 15:04:55,372 - INFO - Dash is running on http://0.0.0.0:8051/

2023-06-22 15:04:56,404 - INFO - threshold:0.68 and loop counter: 1 RUNS
2023-06-22 15:05:01,201 - ERROR - Error occurred: error with request HTTPS
2023-06-22 15:05:01,347 - INFO - Threshold:0.68 and loop counter: 1 SLEEPS

2023-06-22 15:04:55,372 - INFO - Dash is running on http://0.0.0.0:8051/

2023-06-22 15:04:56,404 - INFO - threshold:0.68 and loop counter: 1 RUNS
2023-06-22 15:05:01,201 - ERROR - Error occurred: error with request HTTPS
2023-06-22 15:05:01,347 - INFO - Threshold:0.68 and loop counter: 1 SLEEPS

2023-06-22 15:04:55,372 - INFO - Dash is running on http://0.0.0.0:8051/

2023-06-22 15:04:56,404 - INFO - threshold:0.68 and loop counter: 1 RUNS
2023-06-22 15:05:01,201 - ERROR - Error occurred: error with request HTTPS
2023-06-22 15:05:01,347 - INFO - Threshold:0.68 and loop counter: 1 SLEEPS

2023-06-22 15:04:55,372 - INFO - Dash is running on http://0.0.0.0:8051/

2023-06-22 15:04:56,404 - INFO - threshold:0.68 and loop counter: 1 RUNS
2023-06-22 15:05:01,201 - ERROR - Error occurred: error with request HTTPS
2023-06-22 15:05:01,347 - INFO - Threshold:0.68 and loop counter: 1 SLEEPS

2023-06-22 15:04:55,372 - INFO - Dash is running on http://0.0.0.0:8051/

2023-06-22 15:04:56,404 - INFO - threshold:0.68 and loop counter: 1 RUNS
2023-06-22 15:05:01,201 - ERROR - Error occurred: error with request HTTPS
2023-06-22 15:05:01,347 - INFO - Threshold:0.68 and loop counter: 1 SLEEPS

2023-06-22 15:04:55,372 - INFO - Dash is running on http://0.0.0.0:8051/

2023-06-22 15:04:56,404 - INFO - threshold:0.68 and loop counter: 1 RUNS
2023-06-22 15:05:01,201 - ERROR - Error occurred: error with request HTTPS
2023-06-22 15:05:01,347 - INFO - Threshold:0.68 and loop counter: 1 SLEEPS

2023-06-22 15:04:55,372 - INFO - Dash is running on http://0.0.0.0:8051/

2023-06-22 15:04:56,404 - INFO - threshold:0.68 and loop counter: 1 RUNS
2023-06-22 15:05:01,201 - ERROR - Error occurred: error with request HTTPS
2023-06-22 15:05:01,347 - INFO - Threshold:0.68 and loop counter: 1 SLEEPS

2023-06-22 15:04:55,372 - INFO - Dash is running on http://0.0.0.0:8051/

2023-06-22 15:04:56,404 - INFO - threshold:0.68 and loop counter: 1 RUNS
2023-06-22 15:05:01,201 - ERROR - Error occurred: error with request HTTPS
2023-06-22 15:05:01,347 - INFO - Threshold:0.68 and loop counter: 1 SLEEPS

2023-06-22 15:04:55,372 - INFO - Dash is running on http://0.0.0.0:8051/

2023-06-22 15:04:56,404 - INFO - threshold:0.68 and loop counter: 1 RUNS
2023-06-22 15:05:01,201 - ERROR - Error occurred: error with request HTTPS
2023-06-22 15:05:01,347 - INFO - Threshold:0.68 and loop counter: 1 SLEEPS

2023-06-22 15:04:55,372 - INFO - Dash is running on http://0.0.0.0:8051/

2023-06-22 15:04:56,404 - INFO - threshold:0.68 and loop counter: 1 RUNS
2023-06-22 15:05:01,201 - ERROR - Error occurred: error with request HTTPS
2023-06-22 15:05:01,347 - INFO - Threshold:0.68 and loop counter: 1 SLEEPS

2023-06-22 15:04:55,372 - INFO - Dash is running on http://0.0.0.0:8051/

2023-06-22 15:04:56,404 - INFO - threshold:0.68 and loop counter: 1 RUNS
2023-06-22 15:05:01,201 - ERROR - Error occurred: error with request HTTPS
2023-06-22 15:05:01,347 - INFO - Threshold:0.68 and loop counter: 1 SLEEPS


2023-06-22 20:46:37,118 - INFO - test
2023-06-22 20:50:11 - INFO - test
2023-06-22 20:50:58 - INFO - threshold:0.68 and loop counter: 1 RUNS
2023-06-22 20:50:59 - INFO - Dash is running on http://0.0.0.0:8051/

2023-06-22 20:51:14 - WARNING - Certificate did not match expected hostname: www.reddit.com. Certificate: {'subject': ((('commonName', 'trustpositif.globalxtreme.net'),),), 'issuer': ((('countryName', 'US'),), (('organizationName', "Let's Encrypt"),), (('commonName', 'R3'),)), 'version': 3, 'serialNumber': '0470C7C960094383A1514F61989D2F14BEB3', 'notBefore': 'May 21 20:54:12 2023 GMT', 'notAfter': 'Aug 19 20:54:11 2023 GMT', 'subjectAltName': (('DNS', 'trustpositif.globalxtreme.net'),), 'OCSP': ('http://r3.o.lencr.org',), 'caIssuers': ('http://r3.i.lencr.org/',)}
2023-06-22 20:51:14 - WARNING - Retrying due to SSLError(MaxRetryError('HTTPSConnectionPool(host=\'www.reddit.com\', port=443): Max retries exceeded with url: /api/v1/access_token (Caused by SSLError(CertificateError("hostname \'www.reddit.com\' doesn\'t match \'trustpositif.globalxtreme.net\'")))')) status: GET https://oauth.reddit.com/r/Bitcoin/about/
2023-06-22 20:51:15 - WARNING - Certificate did not match expected hostname: www.reddit.com. Certificate: {'subject': ((('commonName', 'trustpositif.globalxtreme.net'),),), 'issuer': ((('countryName', 'US'),), (('organizationName', "Let's Encrypt"),), (('commonName', 'R3'),)), 'version': 3, 'serialNumber': '0470C7C960094383A1514F61989D2F14BEB3', 'notBefore': 'May 21 20:54:12 2023 GMT', 'notAfter': 'Aug 19 20:54:11 2023 GMT', 'subjectAltName': (('DNS', 'trustpositif.globalxtreme.net'),), 'OCSP': ('http://r3.o.lencr.org',), 'caIssuers': ('http://r3.i.lencr.org/',)}
2023-06-22 20:51:15 - WARNING - Retrying due to SSLError(MaxRetryError('HTTPSConnectionPool(host=\'www.reddit.com\', port=443): Max retries exceeded with url: /api/v1/access_token (Caused by SSLError(CertificateError("hostname \'www.reddit.com\' doesn\'t match \'trustpositif.globalxtreme.net\'")))')) status: GET https://oauth.reddit.com/r/Bitcoin/about/
2023-06-22 20:51:18 - WARNING - Certificate did not match expected hostname: www.reddit.com. Certificate: {'subject': ((('commonName', 'trustpositif.globalxtreme.net'),),), 'issuer': ((('countryName', 'US'),), (('organizationName', "Let's Encrypt"),), (('commonName', 'R3'),)), 'version': 3, 'serialNumber': '0470C7C960094383A1514F61989D2F14BEB3', 'notBefore': 'May 21 20:54:12 2023 GMT', 'notAfter': 'Aug 19 20:54:11 2023 GMT', 'subjectAltName': (('DNS', 'trustpositif.globalxtreme.net'),), 'OCSP': ('http://r3.o.lencr.org',), 'caIssuers': ('http://r3.i.lencr.org/',)}
2023-06-22 20:51:18 - ERROR - Error occurred: error with request HTTPSConnectionPool(host='www.reddit.com', port=443): Max retries exceeded with url: /api/v1/access_token (Caused by SSLError(CertificateError("hostname 'www.reddit.com' doesn't match 'trustpositif.globalxtreme.net'")))
2023-06-22 20:51:18 - INFO - file_cache is only supported with oauth2client<4.0.0
2023-06-22 20:51:44 - INFO - Threshold:0.68 and loop counter: 1 SLEEPS
