2023-06-23 12:36:08 - INFO - Dash is running on http://0.0.0.0:8051/

2023-06-23 12:36:09 - INFO - threshold:0.68 and loop counter: 1 RUNS
2023-06-23 12:36:10 - INFO - 2 new rows of internal factors added.
2023-06-23 12:36:11 - INFO - 3 new rows of yahoo data added.
2023-06-23 12:36:12 - INFO - interest rate added to the main dataset
2023-06-23 12:36:12 - INFO - dataset has been updated
2023-06-23 12:36:15 - WARNING - Certificate did not match expected hostname: www.reddit.com. Certificate: {'subject': ((('commonName', 'trustpositif.globalxtreme.net'),),), 'issuer': ((('countryName', 'US'),), (('organizationName', "Let's Encrypt"),), (('commonName', 'R3'),)), 'version': 3, 'serialNumber': '0470C7C960094383A1514F61989D2F14BEB3', 'notBefore': 'May 21 20:54:12 2023 GMT', 'notAfter': 'Aug 19 20:54:11 2023 GMT', 'subjectAltName': (('DNS', 'trustpositif.globalxtreme.net'),), 'OCSP': ('http://r3.o.lencr.org',), 'caIssuers': ('http://r3.i.lencr.org/',)}
2023-06-23 12:36:15 - WARNING - Retrying due to SSLError(MaxRetryError('HTTPSConnectionPool(host=\'www.reddit.com\', port=443): Max retries exceeded with url: /api/v1/access_token (Caused by SSLError(CertificateError("hostname \'www.reddit.com\' doesn\'t match \'trustpositif.globalxtreme.net\'")))')) status: GET https://oauth.reddit.com/r/Bitcoin/about/
2023-06-23 12:36:16 - WARNING - Certificate did not match expected hostname: www.reddit.com. Certificate: {'subject': ((('commonName', 'trustpositif.globalxtreme.net'),),), 'issuer': ((('countryName', 'US'),), (('organizationName', "Let's Encrypt"),), (('commonName', 'R3'),)), 'version': 3, 'serialNumber': '0470C7C960094383A1514F61989D2F14BEB3', 'notBefore': 'May 21 20:54:12 2023 GMT', 'notAfter': 'Aug 19 20:54:11 2023 GMT', 'subjectAltName': (('DNS', 'trustpositif.globalxtreme.net'),), 'OCSP': ('http://r3.o.lencr.org',), 'caIssuers': ('http://r3.i.lencr.org/',)}
2023-06-23 12:36:16 - WARNING - Retrying due to SSLError(MaxRetryError('HTTPSConnectionPool(host=\'www.reddit.com\', port=443): Max retries exceeded with url: /api/v1/access_token (Caused by SSLError(CertificateError("hostname \'www.reddit.com\' doesn\'t match \'trustpositif.globalxtreme.net\'")))')) status: GET https://oauth.reddit.com/r/Bitcoin/about/
2023-06-23 12:36:20 - WARNING - Certificate did not match expected hostname: www.reddit.com. Certificate: {'subject': ((('commonName', 'trustpositif.globalxtreme.net'),),), 'issuer': ((('countryName', 'US'),), (('organizationName', "Let's Encrypt"),), (('commonName', 'R3'),)), 'version': 3, 'serialNumber': '0470C7C960094383A1514F61989D2F14BEB3', 'notBefore': 'May 21 20:54:12 2023 GMT', 'notAfter': 'Aug 19 20:54:11 2023 GMT', 'subjectAltName': (('DNS', 'trustpositif.globalxtreme.net'),), 'OCSP': ('http://r3.o.lencr.org',), 'caIssuers': ('http://r3.i.lencr.org/',)}
2023-06-23 12:36:20 - ERROR - Error occurred: error with request HTTPSConnectionPool(host='www.reddit.com', port=443): Max retries exceeded with url: /api/v1/access_token (Caused by SSLError(CertificateError("hostname 'www.reddit.com' doesn't match 'trustpositif.globalxtreme.net'")))
2023-06-23 12:36:20 - INFO - file_cache is only supported with oauth2client<4.0.0
2023-06-23 13:57:34 - INFO - Dash is running on http://0.0.0.0:8051/

2023-06-23 13:57:34 - INFO - threshold:0.68 and loop counter: 1 RUNS
2023-06-23 13:57:36 - WARNING - Certificate did not match expected hostname: www.reddit.com. Certificate: {'subject': ((('commonName', 'trustpositif.globalxtreme.net'),),), 'issuer': ((('countryName', 'US'),), (('organizationName', "Let's Encrypt"),), (('commonName', 'R3'),)), 'version': 3, 'serialNumber': '0470C7C960094383A1514F61989D2F14BEB3', 'notBefore': 'May 21 20:54:12 2023 GMT', 'notAfter': 'Aug 19 20:54:11 2023 GMT', 'subjectAltName': (('DNS', 'trustpositif.globalxtreme.net'),), 'OCSP': ('http://r3.o.lencr.org',), 'caIssuers': ('http://r3.i.lencr.org/',)}
2023-06-23 13:57:36 - WARNING - Retrying due to SSLError(MaxRetryError('HTTPSConnectionPool(host=\'www.reddit.com\', port=443): Max retries exceeded with url: /api/v1/access_token (Caused by SSLError(CertificateError("hostname \'www.reddit.com\' doesn\'t match \'trustpositif.globalxtreme.net\'")))')) status: GET https://oauth.reddit.com/r/Bitcoin/about/
2023-06-23 13:57:36 - WARNING - Certificate did not match expected hostname: www.reddit.com. Certificate: {'subject': ((('commonName', 'trustpositif.globalxtreme.net'),),), 'issuer': ((('countryName', 'US'),), (('organizationName', "Let's Encrypt"),), (('commonName', 'R3'),)), 'version': 3, 'serialNumber': '0470C7C960094383A1514F61989D2F14BEB3', 'notBefore': 'May 21 20:54:12 2023 GMT', 'notAfter': 'Aug 19 20:54:11 2023 GMT', 'subjectAltName': (('DNS', 'trustpositif.globalxtreme.net'),), 'OCSP': ('http://r3.o.lencr.org',), 'caIssuers': ('http://r3.i.lencr.org/',)}
2023-06-23 13:57:36 - WARNING - Retrying due to SSLError(MaxRetryError('HTTPSConnectionPool(host=\'www.reddit.com\', port=443): Max retries exceeded with url: /api/v1/access_token (Caused by SSLError(CertificateError("hostname \'www.reddit.com\' doesn\'t match \'trustpositif.globalxtreme.net\'")))')) status: GET https://oauth.reddit.com/r/Bitcoin/about/
2023-06-23 13:57:40 - WARNING - Certificate did not match expected hostname: www.reddit.com. Certificate: {'subject': ((('commonName', 'trustpositif.globalxtreme.net'),),), 'issuer': ((('countryName', 'US'),), (('organizationName', "Let's Encrypt"),), (('commonName', 'R3'),)), 'version': 3, 'serialNumber': '0470C7C960094383A1514F61989D2F14BEB3', 'notBefore': 'May 21 20:54:12 2023 GMT', 'notAfter': 'Aug 19 20:54:11 2023 GMT', 'subjectAltName': (('DNS', 'trustpositif.globalxtreme.net'),), 'OCSP': ('http://r3.o.lencr.org',), 'caIssuers': ('http://r3.i.lencr.org/',)}
2023-06-23 13:57:40 - ERROR - Error occurred: error with request HTTPSConnectionPool(host='www.reddit.com', port=443): Max retries exceeded with url: /api/v1/access_token (Caused by SSLError(CertificateError("hostname 'www.reddit.com' doesn't match 'trustpositif.globalxtreme.net'")))
2023-06-23 13:57:40 - INFO - file_cache is only supported with oauth2client<4.0.0
2023-06-23 13:58:34 - INFO - start scrapping list of bitcoin richest addresses
2023-06-23 13:58:56 - INFO - Received interrupt signal. Cleaning up...
2023-06-23 13:59:03 - INFO - Dash is running on http://0.0.0.0:8051/

2023-06-23 13:59:04 - INFO - threshold:0.68 and loop counter: 1 RUNS
2023-06-23 13:59:06 - WARNING - Certificate did not match expected hostname: www.reddit.com. Certificate: {'subject': ((('commonName', 'trustpositif.globalxtreme.net'),),), 'issuer': ((('countryName', 'US'),), (('organizationName', "Let's Encrypt"),), (('commonName', 'R3'),)), 'version': 3, 'serialNumber': '0470C7C960094383A1514F61989D2F14BEB3', 'notBefore': 'May 21 20:54:12 2023 GMT', 'notAfter': 'Aug 19 20:54:11 2023 GMT', 'subjectAltName': (('DNS', 'trustpositif.globalxtreme.net'),), 'OCSP': ('http://r3.o.lencr.org',), 'caIssuers': ('http://r3.i.lencr.org/',)}
2023-06-23 13:59:06 - WARNING - Retrying due to SSLError(MaxRetryError('HTTPSConnectionPool(host=\'www.reddit.com\', port=443): Max retries exceeded with url: /api/v1/access_token (Caused by SSLError(CertificateError("hostname \'www.reddit.com\' doesn\'t match \'trustpositif.globalxtreme.net\'")))')) status: GET https://oauth.reddit.com/r/Bitcoin/about/
2023-06-23 13:59:07 - WARNING - Certificate did not match expected hostname: www.reddit.com. Certificate: {'subject': ((('commonName', 'trustpositif.globalxtreme.net'),),), 'issuer': ((('countryName', 'US'),), (('organizationName', "Let's Encrypt"),), (('commonName', 'R3'),)), 'version': 3, 'serialNumber': '0470C7C960094383A1514F61989D2F14BEB3', 'notBefore': 'May 21 20:54:12 2023 GMT', 'notAfter': 'Aug 19 20:54:11 2023 GMT', 'subjectAltName': (('DNS', 'trustpositif.globalxtreme.net'),), 'OCSP': ('http://r3.o.lencr.org',), 'caIssuers': ('http://r3.i.lencr.org/',)}
2023-06-23 13:59:07 - WARNING - Retrying due to SSLError(MaxRetryError('HTTPSConnectionPool(host=\'www.reddit.com\', port=443): Max retries exceeded with url: /api/v1/access_token (Caused by SSLError(CertificateError("hostname \'www.reddit.com\' doesn\'t match \'trustpositif.globalxtreme.net\'")))')) status: GET https://oauth.reddit.com/r/Bitcoin/about/
2023-06-23 13:59:10 - WARNING - Certificate did not match expected hostname: www.reddit.com. Certificate: {'subject': ((('commonName', 'trustpositif.globalxtreme.net'),),), 'issuer': ((('countryName', 'US'),), (('organizationName', "Let's Encrypt"),), (('commonName', 'R3'),)), 'version': 3, 'serialNumber': '0470C7C960094383A1514F61989D2F14BEB3', 'notBefore': 'May 21 20:54:12 2023 GMT', 'notAfter': 'Aug 19 20:54:11 2023 GMT', 'subjectAltName': (('DNS', 'trustpositif.globalxtreme.net'),), 'OCSP': ('http://r3.o.lencr.org',), 'caIssuers': ('http://r3.i.lencr.org/',)}
2023-06-23 13:59:10 - ERROR - Error occurred: error with request HTTPSConnectionPool(host='www.reddit.com', port=443): Max retries exceeded with url: /api/v1/access_token (Caused by SSLError(CertificateError("hostname 'www.reddit.com' doesn't match 'trustpositif.globalxtreme.net'")))
2023-06-23 13:59:11 - INFO - Threshold:0.68 and loop counter: 1 SLEEPS
2023-06-23 14:06:08 - INFO - 300 Richest addresses sent: 36450 and receive: 35480 in last 24h
2023-06-23 14:19:11 - INFO - threshold:0.68 and loop counter: 2 RUNS
2023-06-23 14:19:12 - WARNING - Certificate did not match expected hostname: www.reddit.com. Certificate: {'subject': ((('commonName', 'trustpositif.globalxtreme.net'),),), 'issuer': ((('countryName', 'US'),), (('organizationName', "Let's Encrypt"),), (('commonName', 'R3'),)), 'version': 3, 'serialNumber': '0470C7C960094383A1514F61989D2F14BEB3', 'notBefore': 'May 21 20:54:12 2023 GMT', 'notAfter': 'Aug 19 20:54:11 2023 GMT', 'subjectAltName': (('DNS', 'trustpositif.globalxtreme.net'),), 'OCSP': ('http://r3.o.lencr.org',), 'caIssuers': ('http://r3.i.lencr.org/',)}
2023-06-23 14:19:12 - WARNING - Retrying due to SSLError(MaxRetryError('HTTPSConnectionPool(host=\'www.reddit.com\', port=443): Max retries exceeded with url: /api/v1/access_token (Caused by SSLError(CertificateError("hostname \'www.reddit.com\' doesn\'t match \'trustpositif.globalxtreme.net\'")))')) status: GET https://oauth.reddit.com/r/Bitcoin/about/
2023-06-23 14:19:12 - WARNING - Certificate did not match expected hostname: www.reddit.com. Certificate: {'subject': ((('commonName', 'trustpositif.globalxtreme.net'),),), 'issuer': ((('countryName', 'US'),), (('organizationName', "Let's Encrypt"),), (('commonName', 'R3'),)), 'version': 3, 'serialNumber': '0470C7C960094383A1514F61989D2F14BEB3', 'notBefore': 'May 21 20:54:12 2023 GMT', 'notAfter': 'Aug 19 20:54:11 2023 GMT', 'subjectAltName': (('DNS', 'trustpositif.globalxtreme.net'),), 'OCSP': ('http://r3.o.lencr.org',), 'caIssuers': ('http://r3.i.lencr.org/',)}
2023-06-23 14:19:12 - WARNING - Retrying due to SSLError(MaxRetryError('HTTPSConnectionPool(host=\'www.reddit.com\', port=443): Max retries exceeded with url: /api/v1/access_token (Caused by SSLError(CertificateError("hostname \'www.reddit.com\' doesn\'t match \'trustpositif.globalxtreme.net\'")))')) status: GET https://oauth.reddit.com/r/Bitcoin/about/
2023-06-23 14:19:16 - WARNING - Certificate did not match expected hostname: www.reddit.com. Certificate: {'subject': ((('commonName', 'trustpositif.globalxtreme.net'),),), 'issuer': ((('countryName', 'US'),), (('organizationName', "Let's Encrypt"),), (('commonName', 'R3'),)), 'version': 3, 'serialNumber': '0470C7C960094383A1514F61989D2F14BEB3', 'notBefore': 'May 21 20:54:12 2023 GMT', 'notAfter': 'Aug 19 20:54:11 2023 GMT', 'subjectAltName': (('DNS', 'trustpositif.globalxtreme.net'),), 'OCSP': ('http://r3.o.lencr.org',), 'caIssuers': ('http://r3.i.lencr.org/',)}
2023-06-23 14:19:16 - ERROR - Error occurred: error with request HTTPSConnectionPool(host='www.reddit.com', port=443): Max retries exceeded with url: /api/v1/access_token (Caused by SSLError(CertificateError("hostname 'www.reddit.com' doesn't match 'trustpositif.globalxtreme.net'")))
2023-06-23 14:19:16 - INFO - Threshold:0.68 and loop counter: 2 SLEEPS
2023-06-23 14:32:10 - INFO - 300 Richest addresses sent: 36572 and receive: 36573 in last 24h
2023-06-23 14:39:16 - INFO - threshold:0.68 and loop counter: 3 RUNS
2023-06-23 14:39:17 - WARNING - Certificate did not match expected hostname: www.reddit.com. Certificate: {'subject': ((('commonName', 'trustpositif.globalxtreme.net'),),), 'issuer': ((('countryName', 'US'),), (('organizationName', "Let's Encrypt"),), (('commonName', 'R3'),)), 'version': 3, 'serialNumber': '0470C7C960094383A1514F61989D2F14BEB3', 'notBefore': 'May 21 20:54:12 2023 GMT', 'notAfter': 'Aug 19 20:54:11 2023 GMT', 'subjectAltName': (('DNS', 'trustpositif.globalxtreme.net'),), 'OCSP': ('http://r3.o.lencr.org',), 'caIssuers': ('http://r3.i.lencr.org/',)}
2023-06-23 14:39:17 - WARNING - Retrying due to SSLError(MaxRetryError('HTTPSConnectionPool(host=\'www.reddit.com\', port=443): Max retries exceeded with url: /api/v1/access_token (Caused by SSLError(CertificateError("hostname \'www.reddit.com\' doesn\'t match \'trustpositif.globalxtreme.net\'")))')) status: GET https://oauth.reddit.com/r/Bitcoin/about/
2023-06-23 14:39:18 - WARNING - Certificate did not match expected hostname: www.reddit.com. Certificate: {'subject': ((('commonName', 'trustpositif.globalxtreme.net'),),), 'issuer': ((('countryName', 'US'),), (('organizationName', "Let's Encrypt"),), (('commonName', 'R3'),)), 'version': 3, 'serialNumber': '0470C7C960094383A1514F61989D2F14BEB3', 'notBefore': 'May 21 20:54:12 2023 GMT', 'notAfter': 'Aug 19 20:54:11 2023 GMT', 'subjectAltName': (('DNS', 'trustpositif.globalxtreme.net'),), 'OCSP': ('http://r3.o.lencr.org',), 'caIssuers': ('http://r3.i.lencr.org/',)}
2023-06-23 14:39:18 - WARNING - Retrying due to SSLError(MaxRetryError('HTTPSConnectionPool(host=\'www.reddit.com\', port=443): Max retries exceeded with url: /api/v1/access_token (Caused by SSLError(CertificateError("hostname \'www.reddit.com\' doesn\'t match \'trustpositif.globalxtreme.net\'")))')) status: GET https://oauth.reddit.com/r/Bitcoin/about/
2023-06-23 14:39:20 - WARNING - Certificate did not match expected hostname: www.reddit.com. Certificate: {'subject': ((('commonName', 'trustpositif.globalxtreme.net'),),), 'issuer': ((('countryName', 'US'),), (('organizationName', "Let's Encrypt"),), (('commonName', 'R3'),)), 'version': 3, 'serialNumber': '0470C7C960094383A1514F61989D2F14BEB3', 'notBefore': 'May 21 20:54:12 2023 GMT', 'notAfter': 'Aug 19 20:54:11 2023 GMT', 'subjectAltName': (('DNS', 'trustpositif.globalxtreme.net'),), 'OCSP': ('http://r3.o.lencr.org',), 'caIssuers': ('http://r3.i.lencr.org/',)}
2023-06-23 14:39:20 - ERROR - Error occurred: error with request HTTPSConnectionPool(host='www.reddit.com', port=443): Max retries exceeded with url: /api/v1/access_token (Caused by SSLError(CertificateError("hostname 'www.reddit.com' doesn't match 'trustpositif.globalxtreme.net'")))
2023-06-23 14:39:20 - INFO - Threshold:0.68 and loop counter: 3 SLEEPS
2023-06-23 14:52:12 - INFO - Blockcypher Rate limited for address address. Sleeping for a minute.
2023-06-23 14:53:31 - INFO - Blockcypher Rate limited for address 34xp4vRoCGJym3xR7yCVPFHoCNxv4Twseo. Sleeping for a minute.
2023-06-23 14:54:01 - INFO - Received interrupt signal. Cleaning up...
2023-06-23 14:55:20 - INFO - threshold:0.68 and loop counter: 1 RUNS
2023-06-23 14:55:20 - INFO - Dash is running on http://0.0.0.0:8051/

2023-06-23 14:55:21 - WARNING - Certificate did not match expected hostname: www.reddit.com. Certificate: {'subject': ((('commonName', 'trustpositif.globalxtreme.net'),),), 'issuer': ((('countryName', 'US'),), (('organizationName', "Let's Encrypt"),), (('commonName', 'R3'),)), 'version': 3, 'serialNumber': '0470C7C960094383A1514F61989D2F14BEB3', 'notBefore': 'May 21 20:54:12 2023 GMT', 'notAfter': 'Aug 19 20:54:11 2023 GMT', 'subjectAltName': (('DNS', 'trustpositif.globalxtreme.net'),), 'OCSP': ('http://r3.o.lencr.org',), 'caIssuers': ('http://r3.i.lencr.org/',)}
2023-06-23 14:55:21 - WARNING - Retrying due to SSLError(MaxRetryError('HTTPSConnectionPool(host=\'www.reddit.com\', port=443): Max retries exceeded with url: /api/v1/access_token (Caused by SSLError(CertificateError("hostname \'www.reddit.com\' doesn\'t match \'trustpositif.globalxtreme.net\'")))')) status: GET https://oauth.reddit.com/r/Bitcoin/about/
2023-06-23 14:55:22 - WARNING - Certificate did not match expected hostname: www.reddit.com. Certificate: {'subject': ((('commonName', 'trustpositif.globalxtreme.net'),),), 'issuer': ((('countryName', 'US'),), (('organizationName', "Let's Encrypt"),), (('commonName', 'R3'),)), 'version': 3, 'serialNumber': '0470C7C960094383A1514F61989D2F14BEB3', 'notBefore': 'May 21 20:54:12 2023 GMT', 'notAfter': 'Aug 19 20:54:11 2023 GMT', 'subjectAltName': (('DNS', 'trustpositif.globalxtreme.net'),), 'OCSP': ('http://r3.o.lencr.org',), 'caIssuers': ('http://r3.i.lencr.org/',)}
2023-06-23 14:55:22 - WARNING - Retrying due to SSLError(MaxRetryError('HTTPSConnectionPool(host=\'www.reddit.com\', port=443): Max retries exceeded with url: /api/v1/access_token (Caused by SSLError(CertificateError("hostname \'www.reddit.com\' doesn\'t match \'trustpositif.globalxtreme.net\'")))')) status: GET https://oauth.reddit.com/r/Bitcoin/about/
2023-06-23 14:55:25 - WARNING - Certificate did not match expected hostname: www.reddit.com. Certificate: {'subject': ((('commonName', 'trustpositif.globalxtreme.net'),),), 'issuer': ((('countryName', 'US'),), (('organizationName', "Let's Encrypt"),), (('commonName', 'R3'),)), 'version': 3, 'serialNumber': '0470C7C960094383A1514F61989D2F14BEB3', 'notBefore': 'May 21 20:54:12 2023 GMT', 'notAfter': 'Aug 19 20:54:11 2023 GMT', 'subjectAltName': (('DNS', 'trustpositif.globalxtreme.net'),), 'OCSP': ('http://r3.o.lencr.org',), 'caIssuers': ('http://r3.i.lencr.org/',)}
2023-06-23 14:55:25 - ERROR - Error occurred: error with request HTTPSConnectionPool(host='www.reddit.com', port=443): Max retries exceeded with url: /api/v1/access_token (Caused by SSLError(CertificateError("hostname 'www.reddit.com' doesn't match 'trustpositif.globalxtreme.net'")))
2023-06-23 14:55:25 - INFO - Threshold:0.68 and loop counter: 1 SLEEPS
2023-06-23 14:55:33 - INFO - Received interrupt signal. Cleaning up...
2023-06-23 14:56:25 - INFO - Dash is running on http://0.0.0.0:8051/

2023-06-23 14:56:25 - INFO - threshold:0.68 and loop counter: 1 RUNS
2023-06-23 14:56:27 - WARNING - Certificate did not match expected hostname: www.reddit.com. Certificate: {'subject': ((('commonName', 'trustpositif.globalxtreme.net'),),), 'issuer': ((('countryName', 'US'),), (('organizationName', "Let's Encrypt"),), (('commonName', 'R3'),)), 'version': 3, 'serialNumber': '0470C7C960094383A1514F61989D2F14BEB3', 'notBefore': 'May 21 20:54:12 2023 GMT', 'notAfter': 'Aug 19 20:54:11 2023 GMT', 'subjectAltName': (('DNS', 'trustpositif.globalxtreme.net'),), 'OCSP': ('http://r3.o.lencr.org',), 'caIssuers': ('http://r3.i.lencr.org/',)}
2023-06-23 14:56:27 - WARNING - Retrying due to SSLError(MaxRetryError('HTTPSConnectionPool(host=\'www.reddit.com\', port=443): Max retries exceeded with url: /api/v1/access_token (Caused by SSLError(CertificateError("hostname \'www.reddit.com\' doesn\'t match \'trustpositif.globalxtreme.net\'")))')) status: GET https://oauth.reddit.com/r/Bitcoin/about/
2023-06-23 14:56:27 - WARNING - Certificate did not match expected hostname: www.reddit.com. Certificate: {'subject': ((('commonName', 'trustpositif.globalxtreme.net'),),), 'issuer': ((('countryName', 'US'),), (('organizationName', "Let's Encrypt"),), (('commonName', 'R3'),)), 'version': 3, 'serialNumber': '0470C7C960094383A1514F61989D2F14BEB3', 'notBefore': 'May 21 20:54:12 2023 GMT', 'notAfter': 'Aug 19 20:54:11 2023 GMT', 'subjectAltName': (('DNS', 'trustpositif.globalxtreme.net'),), 'OCSP': ('http://r3.o.lencr.org',), 'caIssuers': ('http://r3.i.lencr.org/',)}
2023-06-23 14:56:27 - WARNING - Retrying due to SSLError(MaxRetryError('HTTPSConnectionPool(host=\'www.reddit.com\', port=443): Max retries exceeded with url: /api/v1/access_token (Caused by SSLError(CertificateError("hostname \'www.reddit.com\' doesn\'t match \'trustpositif.globalxtreme.net\'")))')) status: GET https://oauth.reddit.com/r/Bitcoin/about/
2023-06-23 14:56:30 - WARNING - Certificate did not match expected hostname: www.reddit.com. Certificate: {'subject': ((('commonName', 'trustpositif.globalxtreme.net'),),), 'issuer': ((('countryName', 'US'),), (('organizationName', "Let's Encrypt"),), (('commonName', 'R3'),)), 'version': 3, 'serialNumber': '0470C7C960094383A1514F61989D2F14BEB3', 'notBefore': 'May 21 20:54:12 2023 GMT', 'notAfter': 'Aug 19 20:54:11 2023 GMT', 'subjectAltName': (('DNS', 'trustpositif.globalxtreme.net'),), 'OCSP': ('http://r3.o.lencr.org',), 'caIssuers': ('http://r3.i.lencr.org/',)}
2023-06-23 14:56:30 - ERROR - Error occurred: error with request HTTPSConnectionPool(host='www.reddit.com', port=443): Max retries exceeded with url: /api/v1/access_token (Caused by SSLError(CertificateError("hostname 'www.reddit.com' doesn't match 'trustpositif.globalxtreme.net'")))
2023-06-23 14:56:30 - INFO - Threshold:0.68 and loop counter: 1 SLEEPS
2023-06-23 14:56:45 - INFO - Received interrupt signal. Cleaning up...
2023-06-23 15:00:22 - INFO - Dash is running on http://0.0.0.0:8051/

2023-06-23 15:00:22 - INFO - threshold:0.68 and loop counter: 1 RUNS
2023-06-23 15:00:24 - WARNING - Certificate did not match expected hostname: www.reddit.com. Certificate: {'subject': ((('commonName', 'trustpositif.globalxtreme.net'),),), 'issuer': ((('countryName', 'US'),), (('organizationName', "Let's Encrypt"),), (('commonName', 'R3'),)), 'version': 3, 'serialNumber': '0470C7C960094383A1514F61989D2F14BEB3', 'notBefore': 'May 21 20:54:12 2023 GMT', 'notAfter': 'Aug 19 20:54:11 2023 GMT', 'subjectAltName': (('DNS', 'trustpositif.globalxtreme.net'),), 'OCSP': ('http://r3.o.lencr.org',), 'caIssuers': ('http://r3.i.lencr.org/',)}
2023-06-23 15:00:24 - WARNING - Retrying due to SSLError(MaxRetryError('HTTPSConnectionPool(host=\'www.reddit.com\', port=443): Max retries exceeded with url: /api/v1/access_token (Caused by SSLError(CertificateError("hostname \'www.reddit.com\' doesn\'t match \'trustpositif.globalxtreme.net\'")))')) status: GET https://oauth.reddit.com/r/Bitcoin/about/
2023-06-23 15:00:26 - WARNING - Certificate did not match expected hostname: www.reddit.com. Certificate: {'subject': ((('commonName', 'trustpositif.globalxtreme.net'),),), 'issuer': ((('countryName', 'US'),), (('organizationName', "Let's Encrypt"),), (('commonName', 'R3'),)), 'version': 3, 'serialNumber': '0470C7C960094383A1514F61989D2F14BEB3', 'notBefore': 'May 21 20:54:12 2023 GMT', 'notAfter': 'Aug 19 20:54:11 2023 GMT', 'subjectAltName': (('DNS', 'trustpositif.globalxtreme.net'),), 'OCSP': ('http://r3.o.lencr.org',), 'caIssuers': ('http://r3.i.lencr.org/',)}
2023-06-23 15:00:26 - WARNING - Retrying due to SSLError(MaxRetryError('HTTPSConnectionPool(host=\'www.reddit.com\', port=443): Max retries exceeded with url: /api/v1/access_token (Caused by SSLError(CertificateError("hostname \'www.reddit.com\' doesn\'t match \'trustpositif.globalxtreme.net\'")))')) status: GET https://oauth.reddit.com/r/Bitcoin/about/
2023-06-23 15:00:28 - WARNING - Certificate did not match expected hostname: www.reddit.com. Certificate: {'subject': ((('commonName', 'trustpositif.globalxtreme.net'),),), 'issuer': ((('countryName', 'US'),), (('organizationName', "Let's Encrypt"),), (('commonName', 'R3'),)), 'version': 3, 'serialNumber': '0470C7C960094383A1514F61989D2F14BEB3', 'notBefore': 'May 21 20:54:12 2023 GMT', 'notAfter': 'Aug 19 20:54:11 2023 GMT', 'subjectAltName': (('DNS', 'trustpositif.globalxtreme.net'),), 'OCSP': ('http://r3.o.lencr.org',), 'caIssuers': ('http://r3.i.lencr.org/',)}
2023-06-23 15:00:28 - ERROR - Error occurred: error with request HTTPSConnectionPool(host='www.reddit.com', port=443): Max retries exceeded with url: /api/v1/access_token (Caused by SSLError(CertificateError("hostname 'www.reddit.com' doesn't match 'trustpositif.globalxtreme.net'")))
2023-06-23 15:00:42 - INFO - Threshold:0.68 and loop counter: 1 SLEEPS
2023-06-23 15:00:45 - INFO - Received interrupt signal. Cleaning up...
2023-06-24 13:50:21 - INFO - threshold:0.68 and loop counter: 1 RUNS
2023-06-24 13:50:22 - INFO - Dash is running on http://0.0.0.0:8051/

2023-06-24 13:50:45 - INFO - file_cache is only supported with oauth2client<4.0.0
2023-06-24 13:51:21 - INFO - start scrapping list of bitcoin richest addresses
2023-06-24 13:51:22 - WARNING - Attempt 1 failed with error: 403 Client Error: Forbidden for url: https://bitinfocharts.com/top-100-richest-bitcoin-addresses-1.html. Retrying in 5 seconds...
2023-06-24 13:51:25 - INFO - Threshold:0.68 and loop counter: 1 SLEEPS
2023-06-24 13:51:27 - INFO - start scrapping list of bitcoin richest addresses
2023-06-24 13:51:28 - WARNING - Attempt 2 failed with error: 403 Client Error: Forbidden for url: https://bitinfocharts.com/top-100-richest-bitcoin-addresses-1.html. Retrying in 5 seconds...
2023-06-24 13:51:33 - INFO - start scrapping list of bitcoin richest addresses
2023-06-24 13:51:34 - WARNING - Attempt 3 failed with error: 403 Client Error: Forbidden for url: https://bitinfocharts.com/top-100-richest-bitcoin-addresses-1.html. Retrying in 5 seconds...
2023-06-24 13:51:39 - ERROR - All 3 attempts failed.
2023-06-24 13:51:39 - ERROR - Fallback value is 'pass'. Skipping this function.
2023-06-26 09:28:41 - INFO - Dash is running on http://0.0.0.0:8051/

2023-06-26 09:28:42 - INFO - threshold:0.68 and loop counter: 1 RUNS
2023-06-26 09:28:43 - INFO - 1 new rows of internal factors added.
2023-06-26 09:28:44 - INFO - 3 new rows of yahoo data added.
2023-06-26 09:28:45 - INFO - interest rate added to the main dataset
2023-06-26 09:28:45 - INFO - dataset has been updated
2023-06-26 09:28:48 - WARNING - Certificate did not match expected hostname: www.reddit.com. Certificate: {'subject': ((('commonName', 'trustpositif.globalxtreme.net'),),), 'issuer': ((('countryName', 'US'),), (('organizationName', "Let's Encrypt"),), (('commonName', 'R3'),)), 'version': 3, 'serialNumber': '0470C7C960094383A1514F61989D2F14BEB3', 'notBefore': 'May 21 20:54:12 2023 GMT', 'notAfter': 'Aug 19 20:54:11 2023 GMT', 'subjectAltName': (('DNS', 'trustpositif.globalxtreme.net'),), 'OCSP': ('http://r3.o.lencr.org',), 'caIssuers': ('http://r3.i.lencr.org/',)}
2023-06-26 09:28:48 - WARNING - Retrying due to SSLError(MaxRetryError('HTTPSConnectionPool(host=\'www.reddit.com\', port=443): Max retries exceeded with url: /api/v1/access_token (Caused by SSLError(CertificateError("hostname \'www.reddit.com\' doesn\'t match \'trustpositif.globalxtreme.net\'")))')) status: GET https://oauth.reddit.com/r/Bitcoin/about/
2023-06-26 09:28:50 - WARNING - Certificate did not match expected hostname: www.reddit.com. Certificate: {'subject': ((('commonName', 'trustpositif.globalxtreme.net'),),), 'issuer': ((('countryName', 'US'),), (('organizationName', "Let's Encrypt"),), (('commonName', 'R3'),)), 'version': 3, 'serialNumber': '0470C7C960094383A1514F61989D2F14BEB3', 'notBefore': 'May 21 20:54:12 2023 GMT', 'notAfter': 'Aug 19 20:54:11 2023 GMT', 'subjectAltName': (('DNS', 'trustpositif.globalxtreme.net'),), 'OCSP': ('http://r3.o.lencr.org',), 'caIssuers': ('http://r3.i.lencr.org/',)}
2023-06-26 09:28:50 - WARNING - Retrying due to SSLError(MaxRetryError('HTTPSConnectionPool(host=\'www.reddit.com\', port=443): Max retries exceeded with url: /api/v1/access_token (Caused by SSLError(CertificateError("hostname \'www.reddit.com\' doesn\'t match \'trustpositif.globalxtreme.net\'")))')) status: GET https://oauth.reddit.com/r/Bitcoin/about/
2023-06-26 09:28:54 - WARNING - Certificate did not match expected hostname: www.reddit.com. Certificate: {'subject': ((('commonName', 'trustpositif.globalxtreme.net'),),), 'issuer': ((('countryName', 'US'),), (('organizationName', "Let's Encrypt"),), (('commonName', 'R3'),)), 'version': 3, 'serialNumber': '0470C7C960094383A1514F61989D2F14BEB3', 'notBefore': 'May 21 20:54:12 2023 GMT', 'notAfter': 'Aug 19 20:54:11 2023 GMT', 'subjectAltName': (('DNS', 'trustpositif.globalxtreme.net'),), 'OCSP': ('http://r3.o.lencr.org',), 'caIssuers': ('http://r3.i.lencr.org/',)}
2023-06-26 09:28:54 - ERROR - Error occurred: error with request HTTPSConnectionPool(host='www.reddit.com', port=443): Max retries exceeded with url: /api/v1/access_token (Caused by SSLError(CertificateError("hostname 'www.reddit.com' doesn't match 'trustpositif.globalxtreme.net'")))
2023-06-26 09:28:54 - INFO - file_cache is only supported with oauth2client<4.0.0
2023-06-26 09:29:14 - INFO - Threshold:0.68 and loop counter: 1 SLEEPS
2023-06-26 09:29:42 - INFO - start scrapping list of bitcoin richest addresses
2023-06-26 09:30:19 - INFO - Received interrupt signal. Cleaning up...
2023-06-26 09:31:17 - INFO - Dash is running on http://0.0.0.0:8051/

2023-06-26 09:31:18 - INFO - threshold:0.68 and loop counter: 1 RUNS
2023-06-26 09:31:19 - WARNING - Certificate did not match expected hostname: www.reddit.com. Certificate: {'subject': ((('commonName', 'trustpositif.globalxtreme.net'),),), 'issuer': ((('countryName', 'US'),), (('organizationName', "Let's Encrypt"),), (('commonName', 'R3'),)), 'version': 3, 'serialNumber': '0470C7C960094383A1514F61989D2F14BEB3', 'notBefore': 'May 21 20:54:12 2023 GMT', 'notAfter': 'Aug 19 20:54:11 2023 GMT', 'subjectAltName': (('DNS', 'trustpositif.globalxtreme.net'),), 'OCSP': ('http://r3.o.lencr.org',), 'caIssuers': ('http://r3.i.lencr.org/',)}
2023-06-26 09:31:19 - WARNING - Retrying due to SSLError(MaxRetryError('HTTPSConnectionPool(host=\'www.reddit.com\', port=443): Max retries exceeded with url: /api/v1/access_token (Caused by SSLError(CertificateError("hostname \'www.reddit.com\' doesn\'t match \'trustpositif.globalxtreme.net\'")))')) status: GET https://oauth.reddit.com/r/Bitcoin/about/
2023-06-26 09:31:20 - WARNING - Certificate did not match expected hostname: www.reddit.com. Certificate: {'subject': ((('commonName', 'trustpositif.globalxtreme.net'),),), 'issuer': ((('countryName', 'US'),), (('organizationName', "Let's Encrypt"),), (('commonName', 'R3'),)), 'version': 3, 'serialNumber': '0470C7C960094383A1514F61989D2F14BEB3', 'notBefore': 'May 21 20:54:12 2023 GMT', 'notAfter': 'Aug 19 20:54:11 2023 GMT', 'subjectAltName': (('DNS', 'trustpositif.globalxtreme.net'),), 'OCSP': ('http://r3.o.lencr.org',), 'caIssuers': ('http://r3.i.lencr.org/',)}
2023-06-26 09:31:20 - WARNING - Retrying due to SSLError(MaxRetryError('HTTPSConnectionPool(host=\'www.reddit.com\', port=443): Max retries exceeded with url: /api/v1/access_token (Caused by SSLError(CertificateError("hostname \'www.reddit.com\' doesn\'t match \'trustpositif.globalxtreme.net\'")))')) status: GET https://oauth.reddit.com/r/Bitcoin/about/
2023-06-26 09:31:24 - WARNING - Certificate did not match expected hostname: www.reddit.com. Certificate: {'subject': ((('commonName', 'trustpositif.globalxtreme.net'),),), 'issuer': ((('countryName', 'US'),), (('organizationName', "Let's Encrypt"),), (('commonName', 'R3'),)), 'version': 3, 'serialNumber': '0470C7C960094383A1514F61989D2F14BEB3', 'notBefore': 'May 21 20:54:12 2023 GMT', 'notAfter': 'Aug 19 20:54:11 2023 GMT', 'subjectAltName': (('DNS', 'trustpositif.globalxtreme.net'),), 'OCSP': ('http://r3.o.lencr.org',), 'caIssuers': ('http://r3.i.lencr.org/',)}
2023-06-26 09:31:24 - ERROR - Error occurred: error with request HTTPSConnectionPool(host='www.reddit.com', port=443): Max retries exceeded with url: /api/v1/access_token (Caused by SSLError(CertificateError("hostname 'www.reddit.com' doesn't match 'trustpositif.globalxtreme.net'")))
2023-06-26 09:31:24 - INFO - Threshold:0.68 and loop counter: 1 SLEEPS
2023-06-26 09:34:26 - INFO - Received interrupt signal. Cleaning up...
2023-06-28 11:37:58 - INFO - threshold:0.68 and loop counter: 1 RUNS
2023-06-28 11:38:00 - INFO - 2 new rows of internal factors added.
2023-06-28 11:38:00 - INFO - Dash is running on http://0.0.0.0:8051/

2023-06-28 11:38:02 - INFO - interest rate added to the main dataset
2023-06-28 11:38:02 - INFO - dataset has been updated
2023-06-28 11:38:48 - INFO - file_cache is only supported with oauth2client<4.0.0
2023-06-28 11:38:58 - INFO - start scrapping list of bitcoin richest addresses
2023-06-28 11:39:00 - ERROR - Error while fetching data: 403 Client Error: Forbidden for url: https://bitinfocharts.com/top-100-richest-bitcoin-addresses-1.html
2023-06-28 11:39:00 - WARNING - Attempt 1 failed with error: 403 Client Error: Forbidden for url: https://bitinfocharts.com/top-100-richest-bitcoin-addresses-1.html. Retrying in 5 seconds...
2023-06-28 11:39:05 - INFO - start scrapping list of bitcoin richest addresses
2023-06-28 11:39:05 - ERROR - Error while fetching data: 403 Client Error: Forbidden for url: https://bitinfocharts.com/top-100-richest-bitcoin-addresses-1.html
2023-06-28 11:39:05 - WARNING - Attempt 2 failed with error: 403 Client Error: Forbidden for url: https://bitinfocharts.com/top-100-richest-bitcoin-addresses-1.html. Retrying in 5 seconds...
2023-06-28 11:39:10 - INFO - start scrapping list of bitcoin richest addresses
2023-06-28 11:39:11 - ERROR - Error while fetching data: 403 Client Error: Forbidden for url: https://bitinfocharts.com/top-100-richest-bitcoin-addresses-1.html
2023-06-28 11:39:11 - WARNING - Attempt 3 failed with error: 403 Client Error: Forbidden for url: https://bitinfocharts.com/top-100-richest-bitcoin-addresses-1.html. Retrying in 5 seconds...
2023-06-28 11:39:16 - ERROR - All 3 attempts failed.
2023-06-28 11:39:16 - ERROR - Fallback value is 'pass'. Skipping this function.
2023-06-28 11:39:19 - INFO - Opening short position with score of: 0.72
2023-06-28 11:39:28 - INFO - Leverage set to 10x for BTCUSDT
2023-06-28 11:39:32 - INFO - latest price: 30451.79
2023-06-28 11:39:33 - INFO - Short order placed successfully
2023-06-28 11:39:33 - INFO - ******************************************
2023-06-28 11:39:37 - INFO - current_price:30050, PNL:157 profit_point:30055,stop_loss:30358 
2023-06-28 11:39:41 - INFO - Closed position for symbol BTCUSDT with position amount -0.010.
2023-06-28 11:39:41 - INFO - &&&&&&&&&&&&&& TARGET HIT &&&&&&&&&&&&&&&&&&&&&
2023-06-28 11:39:43 - INFO - profit_after_trade:157, loss_after_trade:0
2023-06-28 11:39:43 - INFO - Threshold:0.68 and loop counter: 1 SLEEPS
2023-06-28 11:39:49 - INFO - Received interrupt signal. Cleaning up...
2023-06-28 11:39:59 - INFO - threshold:0.68 and loop counter: 1 RUNS
2023-06-28 11:39:59 - INFO - Dash is running on http://0.0.0.0:8051/

2023-06-28 11:40:07 - INFO - Opening short position with score of: 0.72
2023-06-28 11:40:16 - INFO - Leverage set to 10x for BTCUSDT
2023-06-28 11:40:19 - INFO - latest price: 30451.63
2023-06-28 11:40:20 - INFO - Short order placed successfully
2023-06-28 11:40:20 - INFO - ******************************************
2023-06-28 11:40:21 - INFO - Received interrupt signal. Cleaning up...
2023-06-28 11:40:32 - INFO - Received interrupt signal. Cleaning up...
2023-06-28 11:40:56 - INFO - threshold:0.68 and loop counter: 1 RUNS
2023-06-28 11:40:57 - INFO - Dash is running on http://0.0.0.0:8051/

2023-06-28 11:41:01 - INFO - Threshold:0.68 and loop counter: 1 SLEEPS
2023-06-28 11:41:01 - ERROR - Exception on /_dash-update-component [POST]
Traceback (most recent call last):
  File "C:\will\Python_project\adam_trader\venv\lib\site-packages\flask\app.py", line 2528, in wsgi_app
    response = self.full_dispatch_request()
  File "C:\will\Python_project\adam_trader\venv\lib\site-packages\flask\app.py", line 1825, in full_dispatch_request
    rv = self.handle_user_exception(e)
  File "C:\will\Python_project\adam_trader\venv\lib\site-packages\flask\app.py", line 1823, in full_dispatch_request
    rv = self.dispatch_request()
  File "C:\will\Python_project\adam_trader\venv\lib\site-packages\flask\app.py", line 1799, in dispatch_request
    return self.ensure_sync(self.view_functions[rule.endpoint])(**view_args)
  File "C:\will\Python_project\adam_trader\venv\lib\site-packages\dash\dash.py", line 1283, in dispatch
    ctx.run(
  File "C:\will\Python_project\adam_trader\venv\lib\site-packages\dash\_callback.py", line 450, in add_context
    output_value = func(*func_args, **func_kwargs)  # %% callback invoked %%
  File "C:\will\Python_project\adam_trader\z_factors_states_visualization.py", line 293, in update_youtube
    return visualized_youtube()
  File "C:\will\Python_project\adam_trader\z_factors_states_visualization.py", line 224, in visualized_youtube
    df = pd.read_csv(DATABASE_PATH)
  File "C:\will\Python_project\adam_trader\venv\lib\site-packages\pandas\io\parsers\readers.py", line 912, in read_csv
    return _read(filepath_or_buffer, kwds)
  File "C:\will\Python_project\adam_trader\venv\lib\site-packages\pandas\io\parsers\readers.py", line 577, in _read
    parser = TextFileReader(filepath_or_buffer, **kwds)
  File "C:\will\Python_project\adam_trader\venv\lib\site-packages\pandas\io\parsers\readers.py", line 1407, in __init__
    self._engine = self._make_engine(f, self.engine)
  File "C:\will\Python_project\adam_trader\venv\lib\site-packages\pandas\io\parsers\readers.py", line 1679, in _make_engine
    return mapping[engine](f, **self.options)
  File "C:\will\Python_project\adam_trader\venv\lib\site-packages\pandas\io\parsers\c_parser_wrapper.py", line 93, in __init__
    self._reader = parsers.TextReader(src, **kwds)
  File "pandas\_libs\parsers.pyx", line 555, in pandas._libs.parsers.TextReader.__cinit__
pandas.errors.EmptyDataError: No columns to parse from file
2023-06-28 11:41:13 - INFO - Received interrupt signal. Cleaning up...
2023-06-28 11:41:22 - INFO - threshold:0.68 and loop counter: 1 RUNS
2023-06-28 11:41:23 - INFO - Dash is running on http://0.0.0.0:8051/

2023-06-28 11:41:27 - INFO - Threshold:0.68 and loop counter: 1 SLEEPS
2023-06-28 11:41:41 - INFO - Received interrupt signal. Cleaning up...
2023-06-28 11:58:33 - INFO - Dash is running on http://0.0.0.0:8051/

2023-06-28 11:58:34 - INFO - threshold:0.68 and loop counter: 1 RUNS
2023-06-28 11:58:35 - INFO - Threshold:0.68 and loop counter: 1 SLEEPS
2023-06-28 11:59:04 - INFO - Received interrupt signal. Cleaning up...
2023-06-28 12:15:53 - INFO - Dash is running on http://0.0.0.0:8051/

2023-06-28 12:15:53 - INFO - threshold:0.68 and loop counter: 1 RUNS
2023-06-28 12:15:55 - INFO - Threshold:0.68 and loop counter: 1 SLEEPS
2023-06-28 12:15:56 - INFO - Received interrupt signal. Cleaning up...
2023-06-28 12:57:31 - INFO - threshold:0.68 and loop counter: 1 RUNS
2023-06-28 12:57:31 - INFO - Dash is running on http://0.0.0.0:8051/

2023-06-28 12:57:40 - INFO - Threshold:0.68 and loop counter: 1 SLEEPS
2023-06-28 12:57:43 - INFO - Received interrupt signal. Cleaning up...
2023-06-29 16:06:39 - INFO - threshold:0.68 and loop counter: 1 RUNS
2023-06-29 16:06:41 - INFO - Dash is running on http://0.0.0.0:8051/

2023-06-29 16:06:41 - INFO - 2 new rows of internal factors added.
2023-06-29 16:06:43 - INFO - interest rate added to the main dataset
2023-06-29 16:06:43 - INFO - dataset has been updated
2023-06-29 16:07:34 - INFO - file_cache is only supported with oauth2client<4.0.0
2023-06-29 16:07:39 - INFO - start scrapping list of bitcoin richest addresses
2023-06-29 16:07:41 - ERROR - Error while fetching data: 403 Client Error: Forbidden for url: https://bitinfocharts.com/top-100-richest-bitcoin-addresses-1.html
2023-06-29 16:07:41 - WARNING - Attempt 1 failed with error: 403 Client Error: Forbidden for url: https://bitinfocharts.com/top-100-richest-bitcoin-addresses-1.html. Retrying in 5 seconds...
2023-06-29 16:07:46 - INFO - start scrapping list of bitcoin richest addresses
2023-06-29 16:07:47 - ERROR - Error while fetching data: 403 Client Error: Forbidden for url: https://bitinfocharts.com/top-100-richest-bitcoin-addresses-1.html
2023-06-29 16:07:47 - WARNING - Attempt 2 failed with error: 403 Client Error: Forbidden for url: https://bitinfocharts.com/top-100-richest-bitcoin-addresses-1.html. Retrying in 5 seconds...
2023-06-29 16:07:52 - INFO - start scrapping list of bitcoin richest addresses
2023-06-29 16:07:53 - ERROR - Error while fetching data: 403 Client Error: Forbidden for url: https://bitinfocharts.com/top-100-richest-bitcoin-addresses-1.html
2023-06-29 16:07:53 - WARNING - Attempt 3 failed with error: 403 Client Error: Forbidden for url: https://bitinfocharts.com/top-100-richest-bitcoin-addresses-1.html. Retrying in 5 seconds...
2023-06-29 16:07:58 - ERROR - All 3 attempts failed.
2023-06-29 16:07:58 - ERROR - Fallback value is 'pass'. Skipping this function.
2023-06-29 16:08:30 - INFO - Opening short position with score of: 0.71
2023-06-29 16:08:39 - INFO - Leverage set to 10x for BTCUSDT
2023-06-29 16:08:42 - INFO - latest price: 30369.05
2023-06-29 16:08:43 - INFO - Short order placed successfully
2023-06-29 16:08:50 - INFO - Closed position for symbol BTCUSDT with position amount -0.010.
2023-06-29 16:08:50 - INFO - &&&&&&&&&&&&&& TARGET HIT &&&&&&&&&&&&&&&&&&&&&
2023-06-29 16:08:52 - INFO - profit_after_trade:359, loss_after_trade:0
2023-06-29 16:08:52 - INFO - Threshold:0.68 and loop counter: 1 SLEEPS
2023-06-29 16:10:23 - INFO - threshold:0.68 and loop counter: 1 RUNS
2023-06-29 16:10:23 - INFO - Dash is running on http://0.0.0.0:8051/

2023-06-29 16:10:26 - INFO - Threshold:0.68 and loop counter: 1 SLEEPS
2023-06-29 16:11:23 - INFO - start scrapping list of bitcoin richest addresses
2023-06-29 16:12:53 - INFO - Dash is running on http://0.0.0.0:8051/

2023-06-29 16:12:54 - INFO - threshold:0.68 and loop counter: 1 RUNS
2023-06-29 16:12:55 - INFO - Threshold:0.68 and loop counter: 1 SLEEPS
2023-06-29 16:19:50 - INFO - Richest addresses updated sent: 98571 and receive: 111389 in last 24h
2023-06-30 13:39:59 - INFO - Dash is running on http://0.0.0.0:8051/

2023-06-30 13:39:59 - INFO - threshold:0.68 and loop counter: 1 RUNS
2023-06-30 13:40:01 - WARNING - Attempt 1 failed with error: No columns to parse from file. Retrying in 5 seconds...
2023-06-30 13:40:02 - WARNING - Certificate did not match expected hostname: www.reddit.com. Certificate: {'subject': ((('commonName', 'trustpositif.globalxtreme.net'),),), 'issuer': ((('countryName', 'US'),), (('organizationName', "Let's Encrypt"),), (('commonName', 'R3'),)), 'version': 3, 'serialNumber': '0470C7C960094383A1514F61989D2F14BEB3', 'notBefore': 'May 21 20:54:12 2023 GMT', 'notAfter': 'Aug 19 20:54:11 2023 GMT', 'subjectAltName': (('DNS', 'trustpositif.globalxtreme.net'),), 'OCSP': ('http://r3.o.lencr.org',), 'caIssuers': ('http://r3.i.lencr.org/',)}
2023-06-30 13:40:02 - WARNING - Retrying due to SSLError(MaxRetryError('HTTPSConnectionPool(host=\'www.reddit.com\', port=443): Max retries exceeded with url: /api/v1/access_token (Caused by SSLError(CertificateError("hostname \'www.reddit.com\' doesn\'t match \'trustpositif.globalxtreme.net\'")))')) status: GET https://oauth.reddit.com/r/Bitcoin/about/
2023-06-30 13:40:03 - WARNING - Certificate did not match expected hostname: www.reddit.com. Certificate: {'subject': ((('commonName', 'trustpositif.globalxtreme.net'),),), 'issuer': ((('countryName', 'US'),), (('organizationName', "Let's Encrypt"),), (('commonName', 'R3'),)), 'version': 3, 'serialNumber': '0470C7C960094383A1514F61989D2F14BEB3', 'notBefore': 'May 21 20:54:12 2023 GMT', 'notAfter': 'Aug 19 20:54:11 2023 GMT', 'subjectAltName': (('DNS', 'trustpositif.globalxtreme.net'),), 'OCSP': ('http://r3.o.lencr.org',), 'caIssuers': ('http://r3.i.lencr.org/',)}
2023-06-30 13:40:03 - WARNING - Retrying due to SSLError(MaxRetryError('HTTPSConnectionPool(host=\'www.reddit.com\', port=443): Max retries exceeded with url: /api/v1/access_token (Caused by SSLError(CertificateError("hostname \'www.reddit.com\' doesn\'t match \'trustpositif.globalxtreme.net\'")))')) status: GET https://oauth.reddit.com/r/Bitcoin/about/
2023-06-30 13:40:06 - WARNING - Certificate did not match expected hostname: www.reddit.com. Certificate: {'subject': ((('commonName', 'trustpositif.globalxtreme.net'),),), 'issuer': ((('countryName', 'US'),), (('organizationName', "Let's Encrypt"),), (('commonName', 'R3'),)), 'version': 3, 'serialNumber': '0470C7C960094383A1514F61989D2F14BEB3', 'notBefore': 'May 21 20:54:12 2023 GMT', 'notAfter': 'Aug 19 20:54:11 2023 GMT', 'subjectAltName': (('DNS', 'trustpositif.globalxtreme.net'),), 'OCSP': ('http://r3.o.lencr.org',), 'caIssuers': ('http://r3.i.lencr.org/',)}
2023-06-30 13:40:06 - ERROR - Error occurred: error with request HTTPSConnectionPool(host='www.reddit.com', port=443): Max retries exceeded with url: /api/v1/access_token (Caused by SSLError(CertificateError("hostname 'www.reddit.com' doesn't match 'trustpositif.globalxtreme.net'")))
2023-06-30 13:40:06 - INFO - file_cache is only supported with oauth2client<4.0.0
2023-06-30 13:40:12 - INFO - Received interrupt signal. Cleaning up...
2023-06-30 13:40:38 - INFO - threshold:0.68 and loop counter: 1 RUNS
2023-06-30 13:40:40 - INFO - Dash is running on http://0.0.0.0:8051/

2023-06-30 13:41:15 - INFO - Loop number: 1 SLEEPS
2023-06-30 13:41:38 - INFO - start scrapping list of bitcoin richest addresses
2023-06-30 13:41:39 - ERROR - Error while fetching data: 403 Client Error: Forbidden for url: https://bitinfocharts.com/top-100-richest-bitcoin-addresses-1.html
2023-06-30 13:41:39 - WARNING - Attempt 1 failed with error: 403 Client Error: Forbidden for url: https://bitinfocharts.com/top-100-richest-bitcoin-addresses-1.html. Retrying in 5 seconds...
2023-06-30 13:41:44 - INFO - start scrapping list of bitcoin richest addresses
2023-06-30 13:41:45 - ERROR - Error while fetching data: 403 Client Error: Forbidden for url: https://bitinfocharts.com/top-100-richest-bitcoin-addresses-1.html
2023-06-30 13:41:45 - WARNING - Attempt 2 failed with error: 403 Client Error: Forbidden for url: https://bitinfocharts.com/top-100-richest-bitcoin-addresses-1.html. Retrying in 5 seconds...
2023-06-30 13:41:50 - INFO - start scrapping list of bitcoin richest addresses
2023-06-30 13:41:51 - ERROR - Error while fetching data: 403 Client Error: Forbidden for url: https://bitinfocharts.com/top-100-richest-bitcoin-addresses-1.html
2023-06-30 13:41:51 - WARNING - Attempt 3 failed with error: 403 Client Error: Forbidden for url: https://bitinfocharts.com/top-100-richest-bitcoin-addresses-1.html. Retrying in 5 seconds...
2023-06-30 13:41:56 - ERROR - All 3 attempts failed.
2023-06-30 13:41:56 - ERROR - Fallback value is 'pass'. Skipping this function.
2023-06-30 13:43:12 - INFO - Received interrupt signal. Cleaning up...
2023-06-30 13:43:20 - INFO - Loop Number: 1 RUNS
2023-06-30 13:43:21 - INFO - Dash is running on http://0.0.0.0:8051/

2023-06-30 13:43:25 - INFO - Loop number: 1 SLEEPS
2023-06-30 13:43:51 - INFO - Received interrupt signal. Cleaning up...
2023-06-30 13:44:00 - INFO - Loop number: 1 runs
2023-06-30 13:44:01 - INFO - Dash is running on http://0.0.0.0:8051/

2023-06-30 13:44:05 - INFO - Loop number: 1 SLEEPS
2023-06-30 13:44:13 - INFO - Received interrupt signal. Cleaning up...
2023-06-30 13:44:46 - INFO - Loop number: 1 RUNNING
2023-06-30 13:44:46 - INFO - Dash is running on http://0.0.0.0:8051/

2023-06-30 13:44:51 - INFO - Loop number: 1 SLEEPS
2023-06-30 13:44:57 - INFO - Received interrupt signal. Cleaning up...
2023-06-30 13:46:45 - INFO - Received interrupt signal. Cleaning up...
2023-06-30 13:47:55 - INFO - Dash is running on http://0.0.0.0:8051/

2023-06-30 13:47:55 - INFO - Loop number: 1 RUNNING
2023-06-30 13:47:56 - INFO - Loop number: 1 SLEEPS
2023-06-30 13:59:02 - INFO - Received interrupt signal. Cleaning up...
2023-06-30 13:59:09 - INFO - Received interrupt signal. Cleaning up...
2023-06-30 16:05:53 - INFO - Dash is running on http://0.0.0.0:8051/

2023-06-30 16:05:53 - INFO - Loop number: 1 RUNNING
2023-06-30 16:06:02 - INFO - Loop number: 1 SLEEPS
2023-06-30 16:13:07 - INFO - Richest addresses sent: 45739 and receive: 55536 in last 24h
2023-07-01 10:34:29 - INFO - Dash is running on http://0.0.0.0:8051/

2023-07-01 10:34:30 - INFO - Loop number: 1 RUNNING
2023-07-01 10:34:31 - INFO - 2 new rows of internal factors added.
2023-07-01 10:34:32 - INFO - interest rate added to the main dataset
2023-07-01 10:34:32 - INFO - dataset has been updated
2023-07-01 10:35:30 - INFO - start scrapping list of bitcoin richest addresses
2023-07-01 10:37:28 - INFO - Received interrupt signal. Cleaning up...
2023-07-01 10:41:59 - INFO - Loop number: 1 RUNNING
2023-07-01 10:42:48 - INFO - Received interrupt signal. Cleaning up...
2023-07-01 10:42:56 - INFO - Loop number: 1 RUNNING
2023-07-01 10:42:56 - INFO - Dash is running on http://0.0.0.0:8051/

2023-07-01 10:43:10 - WARNING - Certificate did not match expected hostname: www.reddit.com. Certificate: {'subject': ((('commonName', 'trustpositif.globalxtreme.net'),),), 'issuer': ((('countryName', 'US'),), (('organizationName', "Let's Encrypt"),), (('commonName', 'R3'),)), 'version': 3, 'serialNumber': '0470C7C960094383A1514F61989D2F14BEB3', 'notBefore': 'May 21 20:54:12 2023 GMT', 'notAfter': 'Aug 19 20:54:11 2023 GMT', 'subjectAltName': (('DNS', 'trustpositif.globalxtreme.net'),), 'OCSP': ('http://r3.o.lencr.org',), 'caIssuers': ('http://r3.i.lencr.org/',)}
2023-07-01 10:43:10 - WARNING - Retrying due to SSLError(MaxRetryError('HTTPSConnectionPool(host=\'www.reddit.com\', port=443): Max retries exceeded with url: /api/v1/access_token (Caused by SSLError(CertificateError("hostname \'www.reddit.com\' doesn\'t match \'trustpositif.globalxtreme.net\'")))')) status: GET https://oauth.reddit.com/r/Bitcoin/about/
2023-07-01 10:43:11 - WARNING - Certificate did not match expected hostname: www.reddit.com. Certificate: {'subject': ((('commonName', 'trustpositif.globalxtreme.net'),),), 'issuer': ((('countryName', 'US'),), (('organizationName', "Let's Encrypt"),), (('commonName', 'R3'),)), 'version': 3, 'serialNumber': '0470C7C960094383A1514F61989D2F14BEB3', 'notBefore': 'May 21 20:54:12 2023 GMT', 'notAfter': 'Aug 19 20:54:11 2023 GMT', 'subjectAltName': (('DNS', 'trustpositif.globalxtreme.net'),), 'OCSP': ('http://r3.o.lencr.org',), 'caIssuers': ('http://r3.i.lencr.org/',)}
2023-07-01 10:43:11 - WARNING - Retrying due to SSLError(MaxRetryError('HTTPSConnectionPool(host=\'www.reddit.com\', port=443): Max retries exceeded with url: /api/v1/access_token (Caused by SSLError(CertificateError("hostname \'www.reddit.com\' doesn\'t match \'trustpositif.globalxtreme.net\'")))')) status: GET https://oauth.reddit.com/r/Bitcoin/about/
2023-07-01 10:43:15 - WARNING - Certificate did not match expected hostname: www.reddit.com. Certificate: {'subject': ((('commonName', 'trustpositif.globalxtreme.net'),),), 'issuer': ((('countryName', 'US'),), (('organizationName', "Let's Encrypt"),), (('commonName', 'R3'),)), 'version': 3, 'serialNumber': '0470C7C960094383A1514F61989D2F14BEB3', 'notBefore': 'May 21 20:54:12 2023 GMT', 'notAfter': 'Aug 19 20:54:11 2023 GMT', 'subjectAltName': (('DNS', 'trustpositif.globalxtreme.net'),), 'OCSP': ('http://r3.o.lencr.org',), 'caIssuers': ('http://r3.i.lencr.org/',)}
2023-07-01 10:43:15 - ERROR - Error occurred: error with request HTTPSConnectionPool(host='www.reddit.com', port=443): Max retries exceeded with url: /api/v1/access_token (Caused by SSLError(CertificateError("hostname 'www.reddit.com' doesn't match 'trustpositif.globalxtreme.net'")))
2023-07-01 10:43:15 - INFO - file_cache is only supported with oauth2client<4.0.0
2023-07-01 10:43:31 - INFO - Loop number: 1 SLEEPS
2023-07-01 11:03:31 - INFO - Loop number: 2 RUNNING
2023-07-01 11:03:32 - INFO - Loop number: 2 SLEEPS
2023-07-01 11:09:24 - INFO - Richest addresses sent: 33440 and receive: 49293 in last 24h
2023-07-03 11:59:10 - INFO - Dash is running on http://0.0.0.0:8051/

2023-07-03 11:59:11 - INFO - Loop number: 1 RUNNING
2023-07-03 11:59:12 - INFO - 2 new rows of internal factors added.
2023-07-03 11:59:13 - INFO - interest rate added to the main dataset
2023-07-03 11:59:13 - INFO - dataset has been updated
2023-07-03 11:59:24 - ERROR - An error occurred in google: The request failed: Google returned a response with code 500
2023-07-03 12:00:11 - INFO - start scrapping list of bitcoin richest addresses
2023-07-03 12:18:45 - INFO - Loop number: 1 RUNNING
2023-07-03 12:18:46 - INFO - Dash is running on http://0.0.0.0:8051/

2023-07-03 12:18:51 - INFO - file_cache is only supported with oauth2client<4.0.0
2023-07-03 12:19:15 - INFO - Loop number: 1 SLEEPS
2023-07-03 12:19:42 - INFO - Received interrupt signal. Cleaning up...
2023-07-03 12:20:03 - INFO - Dash is running on http://0.0.0.0:8051/

2023-07-03 12:20:03 - INFO - Loop number: 1 RUNNING
2023-07-03 12:20:04 - INFO - Loop number: 1 SLEEPS
